This file contains any messages produced by compilers while
running configure, to aid debugging if configure makes a mistake.

It was created by libenet configure 1.3.0, which was
generated by GNU Autoconf 2.65.  Invocation command line was

  $ ./configure --enable-shared=no --enable-static=yes

## --------- ##
## Platform. ##
## --------- ##

hostname = LAPTOP-M3G31BQ5
uname -m = x86_64
uname -r = 4.4.0-18362-Microsoft
uname -s = Linux
uname -v = #836-Microsoft Mon May 05 16:04:00 PST 2020

/usr/bin/uname -p = x86_64
/bin/uname -X     = unknown

/bin/arch              = x86_64
/usr/bin/arch -k       = unknown
/usr/convex/getsysinfo = unknown
/usr/bin/hostinfo      = unknown
/bin/machine           = unknown
/usr/bin/oslevel       = unknown
/bin/universe          = unknown

PATH: /usr/local/sbin
PATH: /usr/local/bin
PATH: /usr/sbin
PATH: /usr/bin
PATH: /sbin
PATH: /bin
PATH: /usr/games
PATH: /usr/local/games
PATH: /mnt/c/Program Files/WindowsApps/CanonicalGroupLimited.UbuntuonWindows_2004.2020.424.0_x64__79rhkp1fndgsc
PATH: /mnt/c/Program Files (x86)/Common Files/Oracle/Java/javapath
PATH: /mnt/c/Windows/system32
PATH: /mnt/c/Windows
PATH: /mnt/c/Windows/System32/Wbem
PATH: /mnt/c/Windows/System32/WindowsPowerShell/v1.0/
PATH: /mnt/c/Windows/System32/OpenSSH/
PATH: /mnt/c/Program Files (x86)/NVIDIA Corporation/PhysX/Common
PATH: /mnt/c/Program Files/NVIDIA Corporation/NVIDIA NvDLISR
PATH: /mnt/c/Program Files/Git/cmd
PATH: /mnt/c/xampp/php
PATH: /mnt/c/ProgramData/ComposerSetup/bin
PATH: /mnt/c/Program Files/Symfony
PATH: /mnt/c/xampp/htdocs
PATH: /mnt/c/Program Files/Amazon/AWSCLIV2/
PATH: /mnt/c/Program Files/PuTTY/
PATH: /mnt/c/Users/rapha/AppData/Local/Microsoft/WindowsApps
PATH: /mnt/c/Users/rapha/AppData/Local/Programs/Microsoft VS Code/bin
PATH: /mnt/c/Users/rapha/AppData/Roaming/Composer/vendor/bin
PATH: /mnt/c/Users/rapha/AppData/Local/Programs/Python/Python37/
PATH: /mnt/c/Users/rapha/AppData/Local/Programs/Python/Python37/Scripts
PATH: /snap/bin


## ----------- ##
## Core tests. ##
## ----------- ##

configure:2360: checking for a BSD-compatible install
configure:2428: result: /usr/bin/install -c
configure:2439: checking whether build environment is sane
configure:2489: result: yes
configure:2630: checking for a thread-safe mkdir -p
configure:2669: result: /usr/bin/mkdir -p
configure:2682: checking for gawk
configure:2698: found /usr/bin/gawk
configure:2709: result: gawk
configure:2720: checking whether make sets $(MAKE)
configure:2742: result: yes
configure:2823: checking whether to disable maintainer-specific portions of Makefiles
configure:2832: result: yes
configure:2896: checking for gcc
configure:2912: found /usr/bin/gcc
configure:2923: result: gcc
configure:3152: checking for C compiler version
configure:3161: gcc --version >&5
gcc (Ubuntu 9.3.0-10ubuntu2) 9.3.0
Copyright (C) 2019 Free Software Foundation, Inc.
This is free software; see the source for copying conditions.  There is NO
warranty; not even for MERCHANTABILITY or FITNESS FOR A PARTICULAR PURPOSE.

configure:3172: $? = 0
configure:3161: gcc -v >&5
Using built-in specs.
COLLECT_GCC=gcc
COLLECT_LTO_WRAPPER=/usr/lib/gcc/x86_64-linux-gnu/9/lto-wrapper
OFFLOAD_TARGET_NAMES=nvptx-none:hsa
OFFLOAD_TARGET_DEFAULT=1
Target: x86_64-linux-gnu
Configured with: ../src/configure -v --with-pkgversion='Ubuntu 9.3.0-10ubuntu2' --with-bugurl=file:///usr/share/doc/gcc-9/README.Bugs --enable-languages=c,ada,c++,go,brig,d,fortran,objc,obj-c++,gm2 --prefix=/usr --with-gcc-major-version-only --program-suffix=-9 --program-prefix=x86_64-linux-gnu- --enable-shared --enable-linker-build-id --libexecdir=/usr/lib --without-included-gettext --enable-threads=posix --libdir=/usr/lib --enable-nls --enable-clocale=gnu --enable-libstdcxx-debug --enable-libstdcxx-time=yes --with-default-libstdcxx-abi=new --enable-gnu-unique-object --disable-vtable-verify --enable-plugin --enable-default-pie --with-system-zlib --with-target-system-zlib=auto --enable-objc-gc=auto --enable-multiarch --disable-werror --with-arch-32=i686 --with-abi=m64 --with-multilib-list=m32,m64,mx32 --enable-multilib --with-tune=generic --enable-offload-targets=nvptx-none,hsa --without-cuda-driver --enable-checking=release --build=x86_64-linux-gnu --host=x86_64-linux-gnu --target=x86_64-linux-gnu
Thread model: posix
gcc version 9.3.0 (Ubuntu 9.3.0-10ubuntu2) 
configure:3172: $? = 0
configure:3161: gcc -V >&5
gcc: error: unrecognized command line option '-V'
gcc: fatal error: no input files
compilation terminated.
configure:3172: $? = 1
configure:3161: gcc -qversion >&5
gcc: error: unrecognized command line option '-qversion'; did you mean '--version'?
gcc: fatal error: no input files
compilation terminated.
configure:3172: $? = 1
configure:3192: checking whether the C compiler works
configure:3214: gcc    conftest.c  >&5
configure:3218: $? = 0
configure:3267: result: yes
configure:3270: checking for C compiler default output file name
configure:3272: result: a.out
configure:3278: checking for suffix of executables
configure:3285: gcc -o conftest    conftest.c  >&5
configure:3289: $? = 0
configure:3311: result: 
configure:3333: checking whether we are cross compiling
configure:3341: gcc -o conftest    conftest.c  >&5
configure:3345: $? = 0
configure:3352: ./conftest
configure:3356: $? = 0
configure:3344: result: no
configure:3349: checking for suffix of object files
configure:3371: gcc -c   conftest.c >&5
configure:3375: $? = 0
configure:3396: result: o
configure:3400: checking whether we are using the GNU C compiler
configure:3419: gcc -c   conftest.c >&5
configure:3419: $? = 0
configure:3428: result: yes
configure:3437: checking whether gcc accepts -g
configure:3457: gcc -c -g  conftest.c >&5
configure:3457: $? = 0
configure:3498: result: yes
configure:3515: checking for gcc option to accept ISO C89
configure:3579: gcc  -c -g -O2  conftest.c >&5
configure:3579: $? = 0
configure:3592: result: none needed
configure:3623: checking for style of include used by make
configure:3651: result: GNU
configure:3676: checking dependency style of gcc
configure:3786: result: gcc3
configure:3830: checking build system type
configure:3844: result: x86_64-unknown-linux-gnu
configure:3864: checking host system type
configure:3877: result: x86_64-unknown-linux-gnu
configure:3897: checking for a sed that does not truncate output
configure:3961: result: /usr/bin/sed
configure:3979: checking for grep that handles long lines and -e
configure:4037: result: /usr/bin/grep
configure:4042: checking for egrep
configure:4104: result: /usr/bin/grep -E
configure:4109: checking for fgrep
configure:4171: result: /usr/bin/grep -F
configure:4206: checking for ld used by gcc
configure:4273: result: /usr/bin/ld
configure:4280: checking if the linker (/usr/bin/ld) is GNU ld
configure:4295: result: yes
configure:4307: checking for BSD- or MS-compatible name lister (nm)
configure:4356: result: /usr/bin/nm -B
configure:4474: checking the name lister (/usr/bin/nm -B) interface
configure:4512: gcc -c -g -O2  conftest.c >&5
configure:4515: /usr/bin/nm -B "conftest.o"
configure:4518: output
0000000000000000 B some_variable
configure:4488: result: BSD nm
configure:4491: checking whether ln -s works
configure:4495: result: yes
configure:4503: checking the maximum length of command line arguments
configure:4623: result: 1572864
configure:4640: checking whether the shell understands some XSI constructs
configure:4649: result: yes
configure:4653: checking whether the shell understands "+="
configure:4657: result: yes
configure:4692: checking for /usr/bin/ld option to reload object files
configure:4699: result: -r
configure:4768: checking for objdump
configure:4784: found /usr/bin/objdump
configure:4795: result: objdump
configure:4827: checking how to recognize dependent libraries
configure:5023: result: pass_all
configure:5083: checking for ar
configure:5099: found /usr/bin/ar
configure:5110: result: ar
configure:5188: checking for strip
configure:5204: found /usr/bin/strip
configure:5215: result: strip
configure:5287: checking for ranlib
configure:5303: found /usr/bin/ranlib
configure:5314: result: ranlib
configure:5404: checking command to parse /usr/bin/nm -B output from gcc object
configure:5522: gcc -c -g -O2  conftest.c >&5
configure:5525: $? = 0
configure:5529: /usr/bin/nm -B conftest.o \| sed -n -e 's/^.*[	 ]\([ABCDGIRSTW][ABCDGIRSTW]*\)[	 ][	 ]*\([_A-Za-z][_A-Za-z0-9]*\)$/\1 \2 \2/p' \> conftest.nm
configure:5532: $? = 0
configure:5586: gcc -o conftest -g -O2   conftest.c conftstm.o >&5
configure:5589: $? = 0
configure:5627: result: ok
configure:5723: gcc -c -g -O2  conftest.c >&5
configure:5726: $? = 0
configure:6436: checking how to run the C preprocessor
configure:6467: gcc -E  conftest.c
configure:6467: $? = 0
configure:6481: gcc -E  conftest.c
conftest.c:11:10: fatal error: ac_nonexistent.h: No such file or directory
   11 | #include <ac_nonexistent.h>
      |          ^~~~~~~~~~~~~~~~~~
compilation terminated.
configure:6481: $? = 1
configure: failed program was:
| /* confdefs.h */
| #define PACKAGE_NAME "libenet"
| #define PACKAGE_TARNAME "libenet"
| #define PACKAGE_VERSION "1.3.0"
| #define PACKAGE_STRING "libenet 1.3.0"
| #define PACKAGE_BUGREPORT ""
| #define PACKAGE_URL ""
| #define PACKAGE "libenet"
| #define VERSION "1.3.0"
| /* end confdefs.h.  */
| #include <ac_nonexistent.h>
configure:6506: result: gcc -E
configure:6526: gcc -E  conftest.c
configure:6526: $? = 0
configure:6540: gcc -E  conftest.c
conftest.c:11:10: fatal error: ac_nonexistent.h: No such file or directory
   11 | #include <ac_nonexistent.h>
      |          ^~~~~~~~~~~~~~~~~~
compilation terminated.
configure:6540: $? = 1
configure: failed program was:
| /* confdefs.h */
| #define PACKAGE_NAME "libenet"
| #define PACKAGE_TARNAME "libenet"
| #define PACKAGE_VERSION "1.3.0"
| #define PACKAGE_STRING "libenet 1.3.0"
| #define PACKAGE_BUGREPORT ""
| #define PACKAGE_URL ""
| #define PACKAGE "libenet"
| #define VERSION "1.3.0"
| /* end confdefs.h.  */
| #include <ac_nonexistent.h>
configure:6569: checking for ANSI C header files
configure:6589: gcc -c -g -O2  conftest.c >&5
configure:6589: $? = 0
configure:6662: gcc -o conftest -g -O2   conftest.c  >&5
configure:6662: $? = 0
configure:6662: ./conftest
configure:6662: $? = 0
configure:6673: result: yes
configure:6686: checking for sys/types.h
configure:6686: gcc -c -g -O2  conftest.c >&5
configure:6686: $? = 0
configure:6686: result: yes
configure:6686: checking for sys/stat.h
configure:6686: gcc -c -g -O2  conftest.c >&5
configure:6686: $? = 0
configure:6686: result: yes
configure:6686: checking for stdlib.h
configure:6686: gcc -c -g -O2  conftest.c >&5
configure:6686: $? = 0
configure:6686: result: yes
configure:6686: checking for string.h
configure:6686: gcc -c -g -O2  conftest.c >&5
configure:6686: $? = 0
configure:6686: result: yes
configure:6686: checking for memory.h
configure:6686: gcc -c -g -O2  conftest.c >&5
configure:6686: $? = 0
configure:6686: result: yes
configure:6686: checking for strings.h
configure:6686: gcc -c -g -O2  conftest.c >&5
configure:6686: $? = 0
configure:6686: result: yes
configure:6686: checking for inttypes.h
configure:6686: gcc -c -g -O2  conftest.c >&5
configure:6686: $? = 0
configure:6686: result: yes
configure:6686: checking for stdint.h
configure:6686: gcc -c -g -O2  conftest.c >&5
configure:6686: $? = 0
configure:6686: result: yes
configure:6686: checking for unistd.h
configure:6686: gcc -c -g -O2  conftest.c >&5
configure:6686: $? = 0
configure:6686: result: yes
configure:6701: checking for dlfcn.h
configure:6701: gcc -c -g -O2  conftest.c >&5
configure:6701: $? = 0
configure:6701: result: yes
configure:6885: checking for objdir
configure:6900: result: .libs
configure:7196: checking if gcc supports -fno-rtti -fno-exceptions
configure:7254: gcc -c -g -O2  -fno-rtti -fno-exceptions conftest.c >&5
cc1: warning: command line option '-fno-rtti' is valid for C++/D/ObjC++ but not for C
configure:7258: $? = 0
configure:7231: result: no
configure:7251: checking for gcc option to produce PIC
configure:7523: result: -fPIC -DPIC
configure:7535: checking if gcc PIC flag -fPIC -DPIC works
configure:7593: gcc -c -g -O2  -fPIC -DPIC -DPIC conftest.c >&5
configure:7597: $? = 0
configure:7570: result: yes
configure:7594: checking if gcc static flag -static works
configure:7622: result: yes
configure:7637: checking if gcc supports -c -o file.o
configure:7698: gcc -c -g -O2  -o out/conftest2.o conftest.c >&5
configure:7702: $? = 0
configure:7684: result: yes
configure:7692: checking if gcc supports -c -o file.o
configure:7739: result: yes
configure:7772: checking whether the gcc linker (/usr/bin/ld -m elf_x86_64) supports shared libraries
configure:8763: result: yes
configure:9002: checking dynamic linker characteristics
configure:9435: gcc -o conftest -g -O2   -Wl,-rpath -Wl,/foo conftest.c  >&5
configure:9435: $? = 0
configure:9665: result: GNU/Linux ld.so
configure:9767: checking how to hardcode library paths into programs
configure:9792: result: immediate
configure:10312: checking whether stripping libraries is possible
configure:10317: result: yes
configure:10352: checking if libtool supports shared libraries
configure:10354: result: yes
configure:10357: checking whether to build shared libraries
configure:10378: result: no
configure:10381: checking whether to build static libraries
configure:10385: result: yes
configure:7689: checking for gethostbyaddr_r
configure:7689: gcc -o conftest -g -O2   conftest.c  >&5
configure:7689: $? = 0
configure:7689: result: yes
configure:7695: checking for gethostbyname_r
configure:7695: gcc -o conftest -g -O2   conftest.c  >&5
configure:7695: $? = 0
configure:7695: result: yes
configure:7701: checking for poll
configure:7701: gcc -o conftest -g -O2   conftest.c  >&5
configure:7701: $? = 0
configure:7701: result: yes
configure:7707: checking for fcntl
configure:7707: gcc -o conftest -g -O2   conftest.c  >&5
configure:7707: $? = 0
configure:7707: result: yes
configure:7713: checking for inet_pton
configure:7713: gcc -o conftest -g -O2   conftest.c  >&5
configure:7713: $? = 0
configure:7713: result: yes
configure:7719: checking for inet_ntop
configure:7719: gcc -o conftest -g -O2   conftest.c  >&5
configure:7719: $? = 0
configure:7719: result: yes
configure:7726: checking for struct msghdr.msg_flags
configure:7726: gcc -c -g -O2  conftest.c >&5
configure:7726: $? = 0
configure:7726: result: yes
configure:7734: checking for socklen_t
configure:7734: gcc -c -g -O2  conftest.c >&5
configure:7734: $? = 0
configure:7734: gcc -c -g -O2  conftest.c >&5
conftest.c: In function 'main':
conftest.c:37:24: error: expected expression before ')' token
   37 | if (sizeof ((socklen_t)))
      |                        ^
configure:7734: $? = 1
configure: failed program was:
| /* confdefs.h */
| #define PACKAGE_NAME "libenet"
| #define PACKAGE_TARNAME "libenet"
| #define PACKAGE_VERSION "1.3.0"
| #define PACKAGE_STRING "libenet 1.3.0"
| #define PACKAGE_BUGREPORT ""
| #define PACKAGE_URL ""
| #define PACKAGE "libenet"
| #define VERSION "1.3.0"
| #define STDC_HEADERS 1
| #define HAVE_SYS_TYPES_H 1
| #define HAVE_SYS_STAT_H 1
| #define HAVE_STDLIB_H 1
| #define HAVE_STRING_H 1
| #define HAVE_MEMORY_H 1
| #define HAVE_STRINGS_H 1
| #define HAVE_INTTYPES_H 1
| #define HAVE_STDINT_H 1
| #define HAVE_UNISTD_H 1
| #define HAVE_DLFCN_H 1
| #define LT_OBJDIR ".libs/"
| #define HAS_GETHOSTBYADDR_R 1
| #define HAS_GETHOSTBYNAME_R 1
| #define HAS_POLL 1
| #define HAS_FCNTL 1
| #define HAS_INET_PTON 1
| #define HAS_INET_NTOP 1
| #define HAS_MSGHDR_FLAGS 1
| /* end confdefs.h.  */
| #include <sys/types.h>
|               #include <sys/socket.h>
| 
| 
| int
| main ()
| {
| if (sizeof ((socklen_t)))
| 	    return 0;
|   ;
|   return 0;
| }
configure:7734: result: yes
conftest.c:31:10: fatal error: /usr/include/sys/socket.h: No such file or directory
   31 | #include </usr/include/sys/socket.h>
      |          ^~~~~~~~~~~~~~~~~~~~~~~~~~~
compilation terminated.
conftest.c:31:10: fatal error: socket.h: No such file or directory
   31 | #include <socket.h>
      |          ^~~~~~~~~~
compilation terminated.
configure:7921: creating ./config.status

## ---------------------- ##
## Running config.status. ##
## ---------------------- ##

This file was extended by libenet config.status 1.3.0, which was
generated by GNU Autoconf 2.65.  Invocation command line was

  CONFIG_FILES    = 
  CONFIG_HEADERS  = 
  CONFIG_LINKS    = 
  CONFIG_COMMANDS = 
  $ ./config.status 

on LAPTOP-M3G31BQ5

config.status:985: creating Makefile
config.status:985: creating libenet.pc
config.status:1148: executing depfiles commands
config.status:1148: executing libtool commands

## ---------------- ##
## Cache variables. ##
## ---------------- ##

ac_cv_build=x86_64-unknown-linux-gnu
ac_cv_c_compiler_gnu=yes
ac_cv_env_CC_set=
ac_cv_env_CC_value=
ac_cv_env_CFLAGS_set=
ac_cv_env_CFLAGS_value=
ac_cv_env_CPPFLAGS_set=
ac_cv_env_CPPFLAGS_value=
ac_cv_env_CPP_set=
ac_cv_env_CPP_value=
ac_cv_env_LDFLAGS_set=
ac_cv_env_LDFLAGS_value=
ac_cv_env_LIBS_set=
ac_cv_env_LIBS_value=
ac_cv_env_build_alias_set=
ac_cv_env_build_alias_value=
ac_cv_env_host_alias_set=
ac_cv_env_host_alias_value=
ac_cv_env_target_alias_set=
ac_cv_env_target_alias_value=
ac_cv_func_fcntl=yes
ac_cv_func_gethostbyaddr_r=yes
ac_cv_func_gethostbyname_r=yes
ac_cv_func_inet_ntop=yes
ac_cv_func_inet_pton=yes
ac_cv_func_poll=yes
ac_cv_header_dlfcn_h=yes
ac_cv_header_inttypes_h=yes
ac_cv_header_memory_h=yes
ac_cv_header_stdc=yes
ac_cv_header_stdint_h=yes
ac_cv_header_stdlib_h=yes
ac_cv_header_string_h=yes
ac_cv_header_strings_h=yes
ac_cv_header_sys_stat_h=yes
ac_cv_header_sys_types_h=yes
ac_cv_header_unistd_h=yes
ac_cv_host=x86_64-unknown-linux-gnu
ac_cv_member_struct_msghdr_msg_flags=yes
ac_cv_objext=o
ac_cv_path_EGREP='/usr/bin/grep -E'
ac_cv_path_FGREP='/usr/bin/grep -F'
ac_cv_path_GREP=/usr/bin/grep
ac_cv_path_SED=/usr/bin/sed
ac_cv_path_install='/usr/bin/install -c'
ac_cv_path_mkdir=/usr/bin/mkdir
ac_cv_prog_AWK=gawk
ac_cv_prog_CPP='gcc -E'
ac_cv_prog_ac_ct_AR=ar
ac_cv_prog_ac_ct_CC=gcc
ac_cv_prog_ac_ct_OBJDUMP=objdump
ac_cv_prog_ac_ct_RANLIB=ranlib
ac_cv_prog_ac_ct_STRIP=strip
ac_cv_prog_cc_c89=
ac_cv_prog_cc_g=yes
ac_cv_prog_make_make_set=yes
ac_cv_type_socklen_t=yes
am_cv_CC_dependencies_compiler_type=gcc3
lt_cv_deplibs_check_method=pass_all
lt_cv_file_magic_cmd='$MAGIC_CMD'
lt_cv_file_magic_test_file=
lt_cv_ld_reload_flag=-r
lt_cv_nm_interface='BSD nm'
lt_cv_objdir=.libs
lt_cv_path_LD=/usr/bin/ld
lt_cv_path_NM='/usr/bin/nm -B'
lt_cv_prog_compiler_c_o=yes
lt_cv_prog_compiler_pic_works=yes
lt_cv_prog_compiler_rtti_exceptions=no
lt_cv_prog_compiler_static_works=yes
lt_cv_prog_gnu_ld=yes
lt_cv_sys_global_symbol_pipe='sed -n -e '\''s/^.*[	 ]\([ABCDGIRSTW][ABCDGIRSTW]*\)[	 ][	 ]*\([_A-Za-z][_A-Za-z0-9]*\)$/\1 \2 \2/p'\'''
lt_cv_sys_global_symbol_to_c_name_address='sed -n -e '\''s/^: \([^ ]*\) $/  {\"\1\", (void *) 0},/p'\'' -e '\''s/^[ABCDGIRSTW]* \([^ ]*\) \([^ ]*\)$/  {"\2", (void *) \&\2},/p'\'''
lt_cv_sys_global_symbol_to_c_name_address_lib_prefix='sed -n -e '\''s/^: \([^ ]*\) $/  {\"\1\", (void *) 0},/p'\'' -e '\''s/^[ABCDGIRSTW]* \([^ ]*\) \(lib[^ ]*\)$/  {"\2", (void *) \&\2},/p'\'' -e '\''s/^[ABCDGIRSTW]* \([^ ]*\) \([^ ]*\)$/  {"lib\2", (void *) \&\2},/p'\'''
lt_cv_sys_global_symbol_to_cdecl='sed -n -e '\''s/^T .* \(.*\)$/extern int \1();/p'\'' -e '\''s/^[ABCDGIRSTW]* .* \(.*\)$/extern char \1;/p'\'''
lt_cv_sys_max_cmd_len=1572864

## ----------------- ##
## Output variables. ##
## ----------------- ##

ACLOCAL='${SHELL} /home/hlepouse/gema/AC_server_1.2_with_Lua_sources/enet/missing --run aclocal-1.11'
AMDEPBACKSLASH='\'
AMDEP_FALSE='#'
AMDEP_TRUE=''
AMTAR='${SHELL} /home/hlepouse/gema/AC_server_1.2_with_Lua_sources/enet/missing --run tar'
AR='ar'
AUTOCONF='${SHELL} /home/hlepouse/gema/AC_server_1.2_with_Lua_sources/enet/missing --run autoconf'
AUTOHEADER='${SHELL} /home/hlepouse/gema/AC_server_1.2_with_Lua_sources/enet/missing --run autoheader'
AUTOMAKE='${SHELL} /home/hlepouse/gema/AC_server_1.2_with_Lua_sources/enet/missing --run automake-1.11'
AWK='gawk'
CC='gcc'
CCDEPMODE='depmode=gcc3'
CFLAGS='-g -O2'
CPP='gcc -E'
CPPFLAGS=''
CYGPATH_W='echo'
DEFS='-DPACKAGE_NAME=\"libenet\" -DPACKAGE_TARNAME=\"libenet\" -DPACKAGE_VERSION=\"1.3.0\" -DPACKAGE_STRING=\"libenet\ 1.3.0\" -DPACKAGE_BUGREPORT=\"\" -DPACKAGE_URL=\"\" -DPACKAGE=\"libenet\" -DVERSION=\"1.3.0\" -DSTDC_HEADERS=1 -DHAVE_SYS_TYPES_H=1 -DHAVE_SYS_STAT_H=1 -DHAVE_STDLIB_H=1 -DHAVE_STRING_H=1 -DHAVE_MEMORY_H=1 -DHAVE_STRINGS_H=1 -DHAVE_INTTYPES_H=1 -DHAVE_STDINT_H=1 -DHAVE_UNISTD_H=1 -DHAVE_DLFCN_H=1 -DLT_OBJDIR=\".libs/\" -DHAS_GETHOSTBYADDR_R=1 -DHAS_GETHOSTBYNAME_R=1 -DHAS_POLL=1 -DHAS_FCNTL=1 -DHAS_INET_PTON=1 -DHAS_INET_NTOP=1 -DHAS_MSGHDR_FLAGS=1 -DHAS_SOCKLEN_T=1'
DEPDIR='.deps'
DSYMUTIL=''
DUMPBIN=''
ECHO_C=''
ECHO_N='-n'
ECHO_T=''
EGREP='/usr/bin/grep -E'
EXEEXT=''
FGREP='/usr/bin/grep -F'
GREP='/usr/bin/grep'
INSTALL_DATA='${INSTALL} -m 644'
INSTALL_PROGRAM='${INSTALL}'
INSTALL_SCRIPT='${INSTALL}'
INSTALL_STRIP_PROGRAM='$(install_sh) -c -s'
LD='/usr/bin/ld -m elf_x86_64'
LDFLAGS=''
LIBOBJS=''
LIBS=''
LIBTOOL='$(SHELL) $(top_builddir)/libtool'
LIPO=''
LN_S='ln -s'
LTLIBOBJS=''
MAINT=''
MAINTAINER_MODE_FALSE='#'
MAINTAINER_MODE_TRUE=''
MAKEINFO='${SHELL} /home/hlepouse/gema/AC_server_1.2_with_Lua_sources/enet/missing --run makeinfo'
MKDIR_P='/usr/bin/mkdir -p'
NM='/usr/bin/nm -B'
NMEDIT=''
OBJDUMP='objdump'
OBJEXT='o'
OTOOL64=''
OTOOL=''
PACKAGE='libenet'
PACKAGE_BUGREPORT=''
PACKAGE_NAME='libenet'
PACKAGE_STRING='libenet 1.3.0'
PACKAGE_TARNAME='libenet'
PACKAGE_URL=''
PACKAGE_VERSION='1.3.0'
PATH_SEPARATOR=':'
RANLIB='ranlib'
SED='/usr/bin/sed'
SET_MAKE=''
SHELL='/bin/bash'
STRIP='strip'
VERSION='1.3.0'
ac_ct_CC='gcc'
ac_ct_DUMPBIN=''
am__EXEEXT_FALSE=''
am__EXEEXT_TRUE='#'
am__fastdepCC_FALSE='#'
am__fastdepCC_TRUE=''
am__include='include'
am__isrc=''
am__leading_dot='.'
am__quote=''
am__tar='${AMTAR} chof - "$$tardir"'
am__untar='${AMTAR} xf -'
bindir='${exec_prefix}/bin'
build='x86_64-unknown-linux-gnu'
build_alias=''
build_cpu='x86_64'
build_os='linux-gnu'
build_vendor='unknown'
datadir='${datarootdir}'
datarootdir='${prefix}/share'
docdir='${datarootdir}/doc/${PACKAGE_TARNAME}'
dvidir='${docdir}'
exec_prefix='${prefix}'
host='x86_64-unknown-linux-gnu'
host_alias=''
host_cpu='x86_64'
host_os='linux-gnu'
host_vendor='unknown'
htmldir='${docdir}'
includedir='${prefix}/include'
infodir='${datarootdir}/info'
install_sh='${SHELL} /home/hlepouse/gema/AC_server_1.2_with_Lua_sources/enet/install-sh'
libdir='${exec_prefix}/lib'
libexecdir='${exec_prefix}/libexec'
localedir='${datarootdir}/locale'
localstatedir='${prefix}/var'
lt_ECHO='echo'
mandir='${datarootdir}/man'
mkdir_p='/usr/bin/mkdir -p'
oldincludedir='/usr/include'
pdfdir='${docdir}'
prefix='/usr/local'
program_transform_name='s,x,x,'
psdir='${docdir}'
sbindir='${exec_prefix}/sbin'
sharedstatedir='${prefix}/com'
sysconfdir='${prefix}/etc'
target_alias=''

## ----------- ##
## confdefs.h. ##
## ----------- ##

/* confdefs.h */
#define PACKAGE_NAME "libenet"
#define PACKAGE_TARNAME "libenet"
#define PACKAGE_VERSION "1.3.0"
#define PACKAGE_STRING "libenet 1.3.0"
#define PACKAGE_BUGREPORT ""
#define PACKAGE_URL ""
#define PACKAGE "libenet"
#define VERSION "1.3.0"
#define STDC_HEADERS 1
#define HAVE_SYS_TYPES_H 1
#define HAVE_SYS_STAT_H 1
#define HAVE_STDLIB_H 1
#define HAVE_STRING_H 1
#define HAVE_MEMORY_H 1
#define HAVE_STRINGS_H 1
#define HAVE_INTTYPES_H 1
#define HAVE_STDINT_H 1
#define HAVE_UNISTD_H 1
#define HAVE_DLFCN_H 1
#define LT_OBJDIR ".libs/"
#define HAS_GETHOSTBYADDR_R 1
#define HAS_GETHOSTBYNAME_R 1
#define HAS_POLL 1
#define HAS_FCNTL 1
#define HAS_INET_PTON 1
#define HAS_INET_NTOP 1
#define HAS_MSGHDR_FLAGS 1
#define HAS_SOCKLEN_T 1

configure: exit 0
